<?xml version="1.0" encoding="UTF-8"?>
<!-- Generated by org.testng.reporters.JUnitXMLReporter -->
<testsuite ignored="0" hostname="ArunKamath" failures="0" tests="3" name="Default test" time="18.452" errors="0" timestamp="2023-08-27T19:23:26 IST">
  <testcase classname="tests.schemavalidator" name="postcreatebook" time="9.002"/>
  <testcase classname="tests.schemavalidator" name="getBookingname" time="2.624"/>
  <testcase classname="tests.schemavalidator" name="putBooking" time="6.747"/>
</testsuite> <!-- Default test -->
